<?xml version="1.0" encoding="UTF-8"?>
<testsuite xmlns:xsi="http://www.w3.org/2001/XMLSchema-instance" xsi:noNamespaceSchemaLocation="https://maven.apache.org/surefire/maven-surefire-plugin/xsd/surefire-test-report-3.0.xsd" version="3.0" name="projecteval.EmailAdministrationApplication.EmailTest" time="0.065" tests="9" errors="0" skipped="0" failures="0">
  <properties>
    <property name="java.specification.version" value="17"/>
    <property name="sun.jnu.encoding" value="UTF-8"/>
    <property name="java.class.path" value="/home/yibo/Desktop/TestGeneration/PyUnit/javatest/O1/abcd_without/o1_EmailAdministrationApplication/target/test-classes:/home/yibo/Desktop/TestGeneration/PyUnit/javatest/O1/abcd_without/o1_EmailAdministrationApplication/target/classes:/home/yibo/.m2/repository/org/mockito/mockito-core/5.0.0/mockito-core-5.0.0.jar:/home/yibo/.m2/repository/net/bytebuddy/byte-buddy/1.12.22/byte-buddy-1.12.22.jar:/home/yibo/.m2/repository/net/bytebuddy/byte-buddy-agent/1.12.22/byte-buddy-agent-1.12.22.jar:/home/yibo/.m2/repository/org/objenesis/objenesis/3.3/objenesis-3.3.jar:/home/yibo/.m2/repository/org/jacoco/org.jacoco.agent/0.8.8/org.jacoco.agent-0.8.8-runtime.jar:/home/yibo/.m2/repository/org/junit/jupiter/junit-jupiter-engine/5.8.1/junit-jupiter-engine-5.8.1.jar:/home/yibo/.m2/repository/org/junit/platform/junit-platform-engine/1.8.1/junit-platform-engine-1.8.1.jar:/home/yibo/.m2/repository/org/opentest4j/opentest4j/1.2.0/opentest4j-1.2.0.jar:/home/yibo/.m2/repository/org/junit/platform/junit-platform-commons/1.8.1/junit-platform-commons-1.8.1.jar:/home/yibo/.m2/repository/org/junit/jupiter/junit-jupiter-api/5.8.1/junit-jupiter-api-5.8.1.jar:/home/yibo/.m2/repository/org/apiguardian/apiguardian-api/1.1.2/apiguardian-api-1.1.2.jar:"/>
    <property name="java.vm.vendor" value="Ubuntu"/>
    <property name="sun.arch.data.model" value="64"/>
    <property name="java.vendor.url" value="https://ubuntu.com/"/>
    <property name="os.name" value="Linux"/>
    <property name="java.vm.specification.version" value="17"/>
    <property name="sun.java.launcher" value="SUN_STANDARD"/>
    <property name="user.country" value="US"/>
    <property name="sun.boot.library.path" value="/usr/lib/jvm/java-17-openjdk-amd64/lib"/>
    <property name="sun.java.command" value="/home/yibo/Desktop/TestGeneration/PyUnit/javatest/O1/abcd_without/o1_EmailAdministrationApplication/target/surefire/surefirebooter-20250204175335495_3.jar /home/yibo/Desktop/TestGeneration/PyUnit/javatest/O1/abcd_without/o1_EmailAdministrationApplication/target/surefire 2025-02-04T17-53-35_453-jvmRun1 surefire-20250204175335495_1tmp surefire_0-20250204175335495_2tmp"/>
    <property name="jdk.debug" value="release"/>
    <property name="surefire.test.class.path" value="/home/yibo/Desktop/TestGeneration/PyUnit/javatest/O1/abcd_without/o1_EmailAdministrationApplication/target/test-classes:/home/yibo/Desktop/TestGeneration/PyUnit/javatest/O1/abcd_without/o1_EmailAdministrationApplication/target/classes:/home/yibo/.m2/repository/org/mockito/mockito-core/5.0.0/mockito-core-5.0.0.jar:/home/yibo/.m2/repository/net/bytebuddy/byte-buddy/1.12.22/byte-buddy-1.12.22.jar:/home/yibo/.m2/repository/net/bytebuddy/byte-buddy-agent/1.12.22/byte-buddy-agent-1.12.22.jar:/home/yibo/.m2/repository/org/objenesis/objenesis/3.3/objenesis-3.3.jar:/home/yibo/.m2/repository/org/jacoco/org.jacoco.agent/0.8.8/org.jacoco.agent-0.8.8-runtime.jar:/home/yibo/.m2/repository/org/junit/jupiter/junit-jupiter-engine/5.8.1/junit-jupiter-engine-5.8.1.jar:/home/yibo/.m2/repository/org/junit/platform/junit-platform-engine/1.8.1/junit-platform-engine-1.8.1.jar:/home/yibo/.m2/repository/org/opentest4j/opentest4j/1.2.0/opentest4j-1.2.0.jar:/home/yibo/.m2/repository/org/junit/platform/junit-platform-commons/1.8.1/junit-platform-commons-1.8.1.jar:/home/yibo/.m2/repository/org/junit/jupiter/junit-jupiter-api/5.8.1/junit-jupiter-api-5.8.1.jar:/home/yibo/.m2/repository/org/apiguardian/apiguardian-api/1.1.2/apiguardian-api-1.1.2.jar:"/>
    <property name="sun.cpu.endian" value="little"/>
    <property name="user.home" value="/home/yibo"/>
    <property name="user.language" value="en"/>
    <property name="java.specification.vendor" value="Oracle Corporation"/>
    <property name="java.version.date" value="2024-10-15"/>
    <property name="java.home" value="/usr/lib/jvm/java-17-openjdk-amd64"/>
    <property name="file.separator" value="/"/>
    <property name="basedir" value="/home/yibo/Desktop/TestGeneration/PyUnit/javatest/O1/abcd_without/o1_EmailAdministrationApplication"/>
    <property name="java.vm.compressedOopsMode" value="Zero based"/>
    <property name="line.separator" value="&#10;"/>
    <property name="java.specification.name" value="Java Platform API Specification"/>
    <property name="java.vm.specification.vendor" value="Oracle Corporation"/>
    <property name="surefire.real.class.path" value="/home/yibo/Desktop/TestGeneration/PyUnit/javatest/O1/abcd_without/o1_EmailAdministrationApplication/target/surefire/surefirebooter-20250204175335495_3.jar"/>
    <property name="sun.management.compiler" value="HotSpot 64-Bit Tiered Compilers"/>
    <property name="java.runtime.version" value="17.0.13+11-Ubuntu-2ubuntu122.04"/>
    <property name="user.name" value="yibo"/>
    <property name="path.separator" value=":"/>
    <property name="os.version" value="6.8.0-49-generic"/>
    <property name="java.runtime.name" value="OpenJDK Runtime Environment"/>
    <property name="file.encoding" value="UTF-8"/>
    <property name="java.vm.name" value="OpenJDK 64-Bit Server VM"/>
    <property name="localRepository" value="/home/yibo/.m2/repository"/>
    <property name="java.vendor.url.bug" value="https://bugs.launchpad.net/ubuntu/+source/openjdk-17"/>
    <property name="java.io.tmpdir" value="/tmp"/>
    <property name="java.version" value="17.0.13"/>
    <property name="user.dir" value="/home/yibo/Desktop/TestGeneration/PyUnit/javatest/O1/abcd_without/o1_EmailAdministrationApplication"/>
    <property name="os.arch" value="amd64"/>
    <property name="java.vm.specification.name" value="Java Virtual Machine Specification"/>
    <property name="native.encoding" value="UTF-8"/>
    <property name="java.library.path" value="/usr/java/packages/lib:/usr/lib/x86_64-linux-gnu/jni:/lib/x86_64-linux-gnu:/usr/lib/x86_64-linux-gnu:/usr/lib/jni:/lib:/usr/lib"/>
    <property name="java.vm.info" value="mixed mode, sharing"/>
    <property name="java.vendor" value="Ubuntu"/>
    <property name="java.vm.version" value="17.0.13+11-Ubuntu-2ubuntu122.04"/>
    <property name="java.specification.maintenance.version" value="1"/>
    <property name="sun.io.unicode.encoding" value="UnicodeLittle"/>
    <property name="java.class.version" value="61.0"/>
    <property name="maven.test.failure.ignore" value="true"/>
  </properties>
  <testcase name="testConstructorAndDefaults_InvalidDepartment" classname="projecteval.EmailAdministrationApplication.EmailTest" time="0.036">
    <system-out><![CDATA[Email Created: John Doe
Department Codes
1 For Sales
2 for Development
3 for Account
0 for None
Enter Department Code: ]]></system-out>
  </testcase>
  <testcase name="testConstructorAndDefaults_SalesDepartment" classname="projecteval.EmailAdministrationApplication.EmailTest" time="0.002">
    <system-out><![CDATA[Email Created: John Doe
Department Codes
1 For Sales
2 for Development
3 for Account
0 for None
Enter Department Code: ]]></system-out>
  </testcase>
  <testcase name="testConstructorAndDefaults_NoDepartment" classname="projecteval.EmailAdministrationApplication.EmailTest" time="0.003">
    <system-out><![CDATA[Email Created: John Doe
Department Codes
1 For Sales
2 for Development
3 for Account
0 for None
Enter Department Code: ]]></system-out>
  </testcase>
  <testcase name="testConstructorAndDefaults_DevDepartment" classname="projecteval.EmailAdministrationApplication.EmailTest" time="0.001">
    <system-out><![CDATA[Email Created: John Doe
Department Codes
1 For Sales
2 for Development
3 for Account
0 for None
Enter Department Code: ]]></system-out>
  </testcase>
  <testcase name="testConstructorAndDefaults_AccountDepartment" classname="projecteval.EmailAdministrationApplication.EmailTest" time="0.001">
    <system-out><![CDATA[Email Created: John Doe
Department Codes
1 For Sales
2 for Development
3 for Account
0 for None
Enter Department Code: ]]></system-out>
  </testcase>
  <testcase name="testSetMailboxCapacity" classname="projecteval.EmailAdministrationApplication.EmailTest" time="0.001">
    <system-out><![CDATA[Email Created: John Doe
Department Codes
1 For Sales
2 for Development
3 for Account
0 for None
Enter Department Code: ]]></system-out>
  </testcase>
  <testcase name="testShowInfo" classname="projecteval.EmailAdministrationApplication.EmailTest" time="0.001">
    <system-out><![CDATA[Email Created: Jane Smith
Department Codes
1 For Sales
2 for Development
3 for Account
0 for None
Enter Department Code: ]]></system-out>
  </testcase>
  <testcase name="testSetAlternateEmail" classname="projecteval.EmailAdministrationApplication.EmailTest" time="0">
    <system-out><![CDATA[Email Created: John Doe
Department Codes
1 For Sales
2 for Development
3 for Account
0 for None
Enter Department Code: ]]></system-out>
  </testcase>
  <testcase name="testRandomPasswordLength" classname="projecteval.EmailAdministrationApplication.EmailTest" time="0">
    <system-out><![CDATA[Email Created: John Doe
Department Codes
1 For Sales
2 for Development
3 for Account
0 for None
Enter Department Code: ]]></system-out>
  </testcase>
</testsuite>